<?xml version="1.0" encoding="UTF-8"?>
<testsuite xmlns:xsi="http://www.w3.org/2001/XMLSchema-instance" xsi:noNamespaceSchemaLocation="https://maven.apache.org/surefire/maven-surefire-plugin/xsd/surefire-test-report-3.0.xsd" version="3.0" name="com.dc.investmentapplication.serviceTest.UserServiceTest" time="0.755" tests="1" errors="0" skipped="0" failures="0">
  <properties>
[...]
</properties>
  <testcase name="testCreateUser" classname="com.dc.investmentapplication.serviceTest.UserServiceTest" time="0.74">
    <system-out><![CDATA[22:09:33,774 |-INFO in ch.qos.logback.classic.LoggerContext[default] - This is logback-classic version 1.5.6
22:09:33,775 |-INFO in ch.qos.logback.classic.util.ContextInitializer@3491e86e - Here is a list of configurators discovered as a service, by rank: 
22:09:33,775 |-INFO in ch.qos.logback.classic.util.ContextInitializer@3491e86e -   org.springframework.boot.logging.logback.RootLogLevelConfigurator
22:09:33,775 |-INFO in ch.qos.logback.classic.util.ContextInitializer@3491e86e - They will be invoked in order until ExecutionStatus.DO_NOT_INVOKE_NEXT_IF_ANY is returned.
22:09:33,775 |-INFO in ch.qos.logback.classic.util.ContextInitializer@3491e86e - Constructed configurator of type class org.springframework.boot.logging.logback.RootLogLevelConfigurator
22:09:33,778 |-INFO in ch.qos.logback.classic.util.ContextInitializer@3491e86e - org.springframework.boot.logging.logback.RootLogLevelConfigurator.configure() call lasted 1 milliseconds. ExecutionStatus=INVOKE_NEXT_IF_ANY
22:09:33,778 |-INFO in ch.qos.logback.classic.util.ContextInitializer@3491e86e - Trying to configure with ch.qos.logback.classic.joran.SerializedModelConfigurator
22:09:33,778 |-INFO in ch.qos.logback.classic.util.ContextInitializer@3491e86e - Constructed configurator of type class ch.qos.logback.classic.joran.SerializedModelConfigurator
22:09:33,779 |-INFO in ch.qos.logback.classic.LoggerContext[default] - Could NOT find resource [logback-test.scmo]
22:09:33,780 |-INFO in ch.qos.logback.classic.LoggerContext[default] - Could NOT find resource [logback.scmo]
22:09:33,780 |-INFO in ch.qos.logback.classic.util.ContextInitializer@3491e86e - ch.qos.logback.classic.joran.SerializedModelConfigurator.configure() call lasted 2 milliseconds. ExecutionStatus=INVOKE_NEXT_IF_ANY
22:09:33,780 |-INFO in ch.qos.logback.classic.util.ContextInitializer@3491e86e - Trying to configure with ch.qos.logback.classic.util.DefaultJoranConfigurator
22:09:33,780 |-INFO in ch.qos.logback.classic.util.ContextInitializer@3491e86e - Constructed configurator of type class ch.qos.logback.classic.util.DefaultJoranConfigurator
22:09:33,780 |-INFO in ch.qos.logback.classic.LoggerContext[default] - Could NOT find resource [logback-test.xml]
22:09:33,780 |-INFO in ch.qos.logback.classic.LoggerContext[default] - Found resource [logback.xml] at [file:/Users/devendra/Desktop/Devendra/Java/java-workspace/learning/investment-app/Java-Spring-Boot-Investment-Application/target/classes/logback.xml]
22:09:33,823 |-INFO in ch.qos.logback.core.model.processor.AppenderModelHandler - Processing appender named [STDOUT]
22:09:33,823 |-INFO in ch.qos.logback.core.model.processor.AppenderModelHandler - About to instantiate appender of type [ch.qos.logback.core.ConsoleAppender]
22:09:33,826 |-INFO in ch.qos.logback.core.model.processor.ImplicitModelHandler - Assuming default type [ch.qos.logback.classic.encoder.PatternLayoutEncoder] for [encoder] property
22:09:33,834 |-INFO in ch.qos.logback.core.model.processor.AppenderModelHandler - Processing appender named [FILE]
22:09:33,834 |-INFO in ch.qos.logback.core.model.processor.AppenderModelHandler - About to instantiate appender of type [ch.qos.logback.core.rolling.RollingFileAppender]
22:09:33,837 |-WARN in ch.qos.logback.core.model.processor.ImplicitModelHandler - Ignoring unknown property [maxFileSize] in [ch.qos.logback.core.rolling.TimeBasedRollingPolicy]
22:09:33,837 |-INFO in c.q.l.core.rolling.TimeBasedRollingPolicy@1760763936 - No compression will be used
22:09:33,838 |-INFO in c.q.l.core.rolling.TimeBasedRollingPolicy@1760763936 - Will use the pattern logs/investmentApplication-%d{yyyy-MM-dd}.log for the active file
22:09:33,850 |-INFO in c.q.l.core.rolling.DefaultTimeBasedFileNamingAndTriggeringPolicy - The date pattern is 'yyyy-MM-dd' from file name pattern 'logs/investmentApplication-%d{yyyy-MM-dd}.log'.
22:09:33,850 |-INFO in c.q.l.core.rolling.DefaultTimeBasedFileNamingAndTriggeringPolicy - Roll-over at midnight.
22:09:33,853 |-INFO in c.q.l.core.rolling.DefaultTimeBasedFileNamingAndTriggeringPolicy - Setting initial period to 2024-08-11T02:09:22.234Z
22:09:33,853 |-INFO in ch.qos.logback.core.model.processor.ImplicitModelHandler - Assuming default type [ch.qos.logback.classic.encoder.PatternLayoutEncoder] for [encoder] property
22:09:33,855 |-INFO in ch.qos.logback.core.rolling.RollingFileAppender[FILE] - Active log file name: logs/investmentApplication.log
22:09:33,855 |-INFO in ch.qos.logback.core.rolling.RollingFileAppender[FILE] - File property is set to [logs/investmentApplication.log]
22:09:33,855 |-INFO in ch.qos.logback.classic.model.processor.RootLoggerModelHandler - Setting level of ROOT logger to INFO
22:09:33,855 |-INFO in ch.qos.logback.core.model.processor.AppenderRefModelHandler - Attaching appender named [STDOUT] to Logger[ROOT]
22:09:33,855 |-INFO in ch.qos.logback.core.model.processor.AppenderRefModelHandler - Attaching appender named [FILE] to Logger[ROOT]
22:09:33,856 |-INFO in ch.qos.logback.classic.model.processor.LoggerModelHandler - Setting level of logger [org.springframework] to WARN
22:09:33,856 |-INFO in ch.qos.logback.classic.model.processor.LoggerModelHandler - Setting level of logger [com.example] to DEBUG
22:09:33,856 |-INFO in ch.qos.logback.core.model.processor.DefaultProcessor@409986fe - End of configuration.
22:09:33,856 |-INFO in ch.qos.logback.classic.joran.JoranConfigurator@19b047fe - Registering current configuration as safe fallback point
22:09:33,856 |-INFO in ch.qos.logback.classic.util.ContextInitializer@3491e86e - ch.qos.logback.classic.util.DefaultJoranConfigurator.configure() call lasted 76 milliseconds. ExecutionStatus=DO_NOT_INVOKE_NEXT_IF_ANY

]]></system-out>
    <system-err><![CDATA[WARNING: A Java agent has been loaded dynamically (/Users/devendra/.m2/repository/net/bytebuddy/byte-buddy-agent/1.14.18/byte-buddy-agent-1.14.18.jar)
WARNING: If a serviceability tool is in use, please run with -XX:+EnableDynamicAgentLoading to hide this warning
WARNING: If a serviceability tool is not in use, please run with -Djdk.instrument.traceUsage for more information
WARNING: Dynamic loading of agents will be disallowed by default in a future release
]]></system-err>
  </testcase>
</testsuite>